{
  "RSpec": {
    "coverage": {
      "/Users/carabrennan/Brennan/AdaProjects/Week5/hotel/lib/hotel.rb": [
        1,
        1,
        1,
        null,
        1,
        1,
        null,
        1,
        22,
        null,
        null,
        1,
        17,
        17,
        27,
        15,
        null,
        15,
        15,
        null,
        null,
        24,
        null,
        12,
        1,
        1,
        null,
        11,
        null,
        null,
        null,
        null,
        null,
        1,
        null,
        null,
        null,
        1,
        2,
        2,
        null,
        2,
        40,
        36,
        null,
        4,
        4,
        4,
        null,
        null,
        null,
        4,
        null,
        null,
        null,
        null,
        2,
        null,
        null,
        null,
        null,
        null,
        1,
        3,
        3,
        12,
        null,
        null,
        null,
        3,
        3,
        null,
        3,
        60,
        null,
        57,
        57,
        null,
        null,
        null,
        null,
        null,
        null,
        null,
        3,
        null,
        3,
        null,
        null,
        3,
        3,
        3,
        null,
        null,
        0,
        0,
        0,
        null,
        null,
        null,
        null,
        null,
        null,
        null,
        3,
        null,
        null,
        null,
        1,
        null,
        2,
        2,
        null,
        null,
        2,
        null,
        1,
        null,
        1,
        1,
        274,
        null,
        null,
        1,
        1,
        1,
        274,
        274,
        274,
        274,
        null,
        null,
        1,
        1,
        1,
        1,
        null,
        0,
        null,
        null,
        null,
        null,
        1,
        2,
        null,
        2,
        8,
        8,
        null,
        2,
        null,
        null,
        null,
        null,
        1,
        1,
        null,
        1,
        1,
        null,
        1,
        1,
        null,
        null,
        null,
        null,
        null,
        null,
        null,
        null,
        null,
        null,
        null,
        null,
        null
      ],
      "/Users/carabrennan/Brennan/AdaProjects/Week5/hotel/lib/reservation.rb": [
        null,
        1,
        1,
        null,
        1,
        1,
        null,
        1,
        null,
        1,
        null,
        297,
        297,
        296,
        null,
        296,
        null,
        295,
        null,
        null,
        1,
        1,
        1,
        1,
        null,
        null,
        1,
        null,
        null,
        5,
        null,
        null,
        null,
        null,
        null,
        1,
        null,
        null,
        null,
        1
      ],
      "/Users/carabrennan/Brennan/AdaProjects/Week5/hotel/specs/reservation_spec.rb": [
        1,
        null,
        1,
        1,
        3,
        null,
        null,
        1,
        1,
        1,
        1,
        null,
        null,
        1,
        1,
        1,
        null,
        null,
        null,
        1,
        1,
        1,
        null,
        null,
        null
      ]
    },
    "timestamp": 1520472853
  }
}
